azulzinho/build/app/intermediates/manifest_merge_blame_file/debug/manifest-merger-blame-debug-report.txt
1<?xml version="1.0" encoding="utf-8"?>
2<manifest xmlns:android="http://schemas.android.com/apk/res/android"
3    package="com.example.azulzinho"
4    android:versionCode="1"
5    android:versionName="1.0.0" >
6
7    <uses-sdk
8        android:minSdkVersion="19"
9        android:targetSdkVersion="33" />
10    <!--
11         The INTERNET permission is required for development. Specifically,
12         the Flutter tool needs it to communicate with the running application
13         to allow setting breakpoints, to provide hot reload, etc.
14    -->
15    <uses-permission android:name="android.permission.INTERNET" />
15-->src\debug\AndroidManifest.xml:6:5-66
15-->src\debug\AndroidManifest.xml:6:22-64
16    <!--
17     Required to query activities that can process text, see:
18         https://developer.android.com/training/package-visibility?hl=en and
19         https://developer.android.com/reference/android/content/Intent#ACTION_PROCESS_TEXT.
20
21         In particular, this is used by the Flutter engine in io.flutter.plugin.text.ProcessTextPlugin.
22    -->
23    <queries>
23-->src\main\AndroidManifest.xml:38:5-43:15
24        <intent>
24-->src\main\AndroidManifest.xml:39:9-42:18
25            <action android:name="android.intent.action.PROCESS_TEXT" />
25-->src\main\AndroidManifest.xml:40:13-72
25-->src\main\AndroidManifest.xml:40:21-70
26
27            <data android:mimeType="text/plain" />
27-->src\main\AndroidManifest.xml:41:13-50
27-->src\main\AndroidManifest.xml:41:19-48
28        </intent>
29    </queries>
30
31    <permission
31-->[androidx.core:core:1.12.0] AndroidManifest.xml:22:5-24:47
32        android:name="com.example.azulzinho.DYNAMIC_RECEIVER_NOT_EXPORTED_PERMISSION"
32-->[androidx.core:core:1.12.0] AndroidManifest.xml:23:9-81
33        android:protectionLevel="signature" />
33-->[androidx.core:core:1.12.0] AndroidManifest.xml:24:9-44
34
35    <uses-permission android:name="com.example.azulzinho.DYNAMIC_RECEIVER_NOT_EXPORTED_PERMISSION" />
35-->[androidx.core:core:1.12.0] AndroidManifest.xml:26:5-97
35-->[androidx.core:core:1.12.0] AndroidManifest.xml:26:22-94
36
37    <application
38        android:name="android.app.Application"
39        android:appComponentFactory="androidx.core.app.CoreComponentFactory"
39-->[androidx.core:core:1.12.0] AndroidManifest.xml:28:18-86
40        android:debuggable="true"
41        android:icon="@mipmap/launcher_icon"
42        android:label="Azulzinho +" >
43        <activity
44            android:name="com.example.azulzinho.MainActivity"
45            android:configChanges="orientation|keyboardHidden|keyboard|screenSize|smallestScreenSize|locale|layoutDirection|fontScale|screenLayout|density|uiMode"
46            android:exported="true"
47            android:hardwareAccelerated="true"
48            android:launchMode="singleTop"
49            android:theme="@style/LaunchTheme"
50            android:windowSoftInputMode="adjustResize" >
51
52            <!--
53                 Specifies an Android theme to apply to this Activity as soon as
54                 the Android process has started. This theme is visible to the user
55                 while the Flutter UI initializes. After that, this theme continues
56                 to determine the Window background behind the Flutter UI.
57            -->
58            <meta-data
59                android:name="io.flutter.embedding.android.NormalTheme"
60                android:resource="@style/NormalTheme" />
61
62            <intent-filter>
63                <action android:name="android.intent.action.MAIN" />
64
65                <category android:name="android.intent.category.LAUNCHER" />
66            </intent-filter>
67        </activity>
68        <!--
69             Don't delete the meta-data below.
70             This is used by the Flutter tool to generate GeneratedPluginRegistrant.java
71        -->
72        <meta-data
73            android:name="flutterEmbedding"
74            android:value="2" />
75        <!--
76           Declares a provider which allows us to store files to share in
77           '.../caches/share_plus' and grant the receiving action access
78        -->
79        <provider
79-->[:share_plus] AndroidManifest.xml:15:9-23:20
80            android:name="dev.fluttercommunity.plus.share.ShareFileProvider"
80-->[:share_plus] AndroidManifest.xml:16:13-77
81            android:authorities="com.example.azulzinho.flutter.share_provider"
81-->[:share_plus] AndroidManifest.xml:17:13-74
82            android:exported="false"
82-->[:share_plus] AndroidManifest.xml:18:13-37
83            android:grantUriPermissions="true" >
83-->[:share_plus] AndroidManifest.xml:19:13-47
84            <meta-data
84-->[:share_plus] AndroidManifest.xml:20:13-22:68
85                android:name="android.support.FILE_PROVIDER_PATHS"
85-->[:share_plus] AndroidManifest.xml:21:17-67
86                android:resource="@xml/flutter_share_file_paths" />
86-->[:share_plus] AndroidManifest.xml:22:17-65
87        </provider>
88        <!--
89           This manifest declared broadcast receiver allows us to use an explicit
90           Intent when creating a PendingItent to be informed of the user's choice
91        -->
92        <receiver
92-->[:share_plus] AndroidManifest.xml:28:9-34:20
93            android:name="dev.fluttercommunity.plus.share.SharePlusPendingIntent"
93-->[:share_plus] AndroidManifest.xml:29:13-82
94            android:exported="false" >
94-->[:share_plus] AndroidManifest.xml:30:13-37
95            <intent-filter>
95-->[:share_plus] AndroidManifest.xml:31:13-33:29
96                <action android:name="EXTRA_CHOSEN_COMPONENT" />
96-->[:share_plus] AndroidManifest.xml:32:17-65
96-->[:share_plus] AndroidManifest.xml:32:25-62
97            </intent-filter>
98        </receiver>
99
100        <uses-library
100-->[androidx.window:window:1.0.0-beta04] AndroidManifest.xml:25:9-27:40
101            android:name="androidx.window.extensions"
101-->[androidx.window:window:1.0.0-beta04] AndroidManifest.xml:26:13-54
102            android:required="false" />
102-->[androidx.window:window:1.0.0-beta04] AndroidManifest.xml:27:13-37
103        <uses-library
103-->[androidx.window:window:1.0.0-beta04] AndroidManifest.xml:28:9-30:40
104            android:name="androidx.window.sidecar"
104-->[androidx.window:window:1.0.0-beta04] AndroidManifest.xml:29:13-51
105            android:required="false" />
105-->[androidx.window:window:1.0.0-beta04] AndroidManifest.xml:30:13-37
106    </application>
107
108</manifest>